This is pdfTeX, Version 3.14159265-2.6-1.40.16 (TeX Live 2015) (preloaded format=pdflatex 2015.11.6)  5 APR 2018 16:24
entering extended mode
 restricted \write18 enabled.
 file:line:error style messages enabled.
 %&-line parsing enabled.
**/Users/vignesh/Documents/VarshuPhD/Courses/ECE452/Assignments/HW5/html/HW5.te
x

(/Users/vignesh/Documents/VarshuPhD/Courses/ECE452/Assignments/HW5/html/HW5.tex
LaTeX2e <2015/01/01>
Babel <3.9l> and hyphenation patterns for 79 languages loaded.
(/usr/local/texlive/2015/texmf-dist/tex/latex/base/article.cls
Document Class: article 2014/09/29 v1.4h Standard LaTeX document class
(/usr/local/texlive/2015/texmf-dist/tex/latex/base/size11.clo
File: size11.clo 2014/09/29 v1.4h Standard LaTeX file (size option)
)
\c@part=\count79
\c@section=\count80
\c@subsection=\count81
\c@subsubsection=\count82
\c@paragraph=\count83
\c@subparagraph=\count84
\c@figure=\count85
\c@table=\count86
\abovecaptionskip=\skip41
\belowcaptionskip=\skip42
\bibindent=\dimen102
)
(/usr/local/texlive/2015/texmf-dist/tex/latex/amsmath/amsmath.sty
Package: amsmath 2013/01/14 v2.14 AMS math features
\@mathmargin=\skip43

For additional information on amsmath, use the `?' option.
(/usr/local/texlive/2015/texmf-dist/tex/latex/amsmath/amstext.sty
Package: amstext 2000/06/29 v2.01

(/usr/local/texlive/2015/texmf-dist/tex/latex/amsmath/amsgen.sty
File: amsgen.sty 1999/11/30 v2.0
\@emptytoks=\toks14
\ex@=\dimen103
))
(/usr/local/texlive/2015/texmf-dist/tex/latex/amsmath/amsbsy.sty
Package: amsbsy 1999/11/29 v1.2d
\pmbraise@=\dimen104
)
(/usr/local/texlive/2015/texmf-dist/tex/latex/amsmath/amsopn.sty
Package: amsopn 1999/12/14 v2.01 operator names
)
\inf@bad=\count87
LaTeX Info: Redefining \frac on input line 210.
\uproot@=\count88
\leftroot@=\count89
LaTeX Info: Redefining \overline on input line 306.
\classnum@=\count90
\DOTSCASE@=\count91
LaTeX Info: Redefining \ldots on input line 378.
LaTeX Info: Redefining \dots on input line 381.
LaTeX Info: Redefining \cdots on input line 466.
\Mathstrutbox@=\box26
\strutbox@=\box27
\big@size=\dimen105
LaTeX Font Info:    Redeclaring font encoding OML on input line 566.
LaTeX Font Info:    Redeclaring font encoding OMS on input line 567.
\macc@depth=\count92
\c@MaxMatrixCols=\count93
\dotsspace@=\muskip10
\c@parentequation=\count94
\dspbrk@lvl=\count95
\tag@help=\toks15
\row@=\count96
\column@=\count97
\maxfields@=\count98
\andhelp@=\toks16
\eqnshift@=\dimen106
\alignsep@=\dimen107
\tagshift@=\dimen108
\tagwidth@=\dimen109
\totwidth@=\dimen110
\lineht@=\dimen111
\@envbody=\toks17
\multlinegap=\skip44
\multlinetaggap=\skip45
\mathdisplay@stack=\toks18
LaTeX Info: Redefining \[ on input line 2665.
LaTeX Info: Redefining \] on input line 2666.
)
(/usr/local/texlive/2015/texmf-dist/tex/latex/amsfonts/amssymb.sty
Package: amssymb 2013/01/14 v3.01 AMS font symbols

(/usr/local/texlive/2015/texmf-dist/tex/latex/amsfonts/amsfonts.sty
Package: amsfonts 2013/01/14 v3.01 Basic AMSFonts support
\symAMSa=\mathgroup4
\symAMSb=\mathgroup5
LaTeX Font Info:    Overwriting math alphabet `\mathfrak' in version `bold'
(Font)                  U/euf/m/n --> U/euf/b/n on input line 106.
))
(/usr/local/texlive/2015/texmf-dist/tex/latex/amscls/amsthm.sty
Package: amsthm 2015/03/04 v2.20.2
\thm@style=\toks19
\thm@bodyfont=\toks20
\thm@headfont=\toks21
\thm@notefont=\toks22
\thm@headpunct=\toks23
\thm@preskip=\skip46
\thm@postskip=\skip47
\thm@headsep=\skip48
\dth@everypar=\toks24
)
(/usr/local/texlive/2015/texmf-dist/tex/latex/graphics/graphicx.sty
Package: graphicx 2014/10/28 v1.0g Enhanced LaTeX Graphics (DPC,SPQR)

(/usr/local/texlive/2015/texmf-dist/tex/latex/graphics/keyval.sty
Package: keyval 2014/10/28 v1.15 key=value parser (DPC)
\KV@toks@=\toks25
)
(/usr/local/texlive/2015/texmf-dist/tex/latex/graphics/graphics.sty
Package: graphics 2014/10/28 v1.0p Standard LaTeX Graphics (DPC,SPQR)

(/usr/local/texlive/2015/texmf-dist/tex/latex/graphics/trig.sty
Package: trig 1999/03/16 v1.09 sin cos tan (DPC)
)
(/usr/local/texlive/2015/texmf-dist/tex/latex/latexconfig/graphics.cfg
File: graphics.cfg 2010/04/23 v1.9 graphics configuration of TeX Live
)
Package graphics Info: Driver file: pdftex.def on input line 94.

(/usr/local/texlive/2015/texmf-dist/tex/latex/pdftex-def/pdftex.def
File: pdftex.def 2011/05/27 v0.06d Graphics/color for pdfTeX

(/usr/local/texlive/2015/texmf-dist/tex/generic/oberdiek/infwarerr.sty
Package: infwarerr 2010/04/08 v1.3 Providing info/warning/error messages (HO)
)
(/usr/local/texlive/2015/texmf-dist/tex/generic/oberdiek/ltxcmds.sty
Package: ltxcmds 2011/11/09 v1.22 LaTeX kernel commands for general use (HO)
)
\Gread@gobject=\count99
))
\Gin@req@height=\dimen112
\Gin@req@width=\dimen113
)
(/usr/local/texlive/2015/texmf-dist/tex/latex/geometry/geometry.sty
Package: geometry 2010/09/12 v5.6 Page Geometry

(/usr/local/texlive/2015/texmf-dist/tex/generic/oberdiek/ifpdf.sty
Package: ifpdf 2011/01/30 v2.3 Provides the ifpdf switch (HO)
Package ifpdf Info: pdfTeX in PDF mode is detected.
)
(/usr/local/texlive/2015/texmf-dist/tex/generic/oberdiek/ifvtex.sty
Package: ifvtex 2010/03/01 v1.5 Detect VTeX and its facilities (HO)
Package ifvtex Info: VTeX not detected.
)
(/usr/local/texlive/2015/texmf-dist/tex/generic/ifxetex/ifxetex.sty
Package: ifxetex 2010/09/12 v0.6 Provides ifxetex conditional
)
\Gm@cnth=\count100
\Gm@cntv=\count101
\c@Gm@tempcnt=\count102
\Gm@bindingoffset=\dimen114
\Gm@wd@mp=\dimen115
\Gm@odd@mp=\dimen116
\Gm@even@mp=\dimen117
\Gm@layoutwidth=\dimen118
\Gm@layoutheight=\dimen119
\Gm@layouthoffset=\dimen120
\Gm@layoutvoffset=\dimen121
\Gm@dimlist=\toks26
)
(/usr/local/texlive/2015/texmf-dist/tex/latex/fancyhdr/fancyhdr.sty
\fancy@headwidth=\skip49
\f@ncyO@elh=\skip50
\f@ncyO@erh=\skip51
\f@ncyO@olh=\skip52
\f@ncyO@orh=\skip53
\f@ncyO@elf=\skip54
\f@ncyO@erf=\skip55
\f@ncyO@olf=\skip56
\f@ncyO@orf=\skip57
)
(/usr/local/texlive/2015/texmf-dist/tex/latex/caption/subcaption.sty
Package: subcaption 2013/02/03 v1.1-62 Sub-captions (AR)

(/usr/local/texlive/2015/texmf-dist/tex/latex/caption/caption.sty
Package: caption 2013/05/02 v3.3-89 Customizing captions (AR)

(/usr/local/texlive/2015/texmf-dist/tex/latex/caption/caption3.sty
Package: caption3 2013/05/02 v1.6-88 caption3 kernel (AR)
Package caption3 Info: TeX engine: e-TeX on input line 57.
\captionmargin=\dimen122
\captionmargin@=\dimen123
\captionwidth=\dimen124
\caption@tempdima=\dimen125
\caption@indent=\dimen126
\caption@parindent=\dimen127
\caption@hangindent=\dimen128
)
\c@ContinuedFloat=\count103
)
\c@subfigure=\count104
\c@subtable=\count105
)
(/usr/local/texlive/2015/texmf-dist/tex/latex/algorithms/algorithmic.sty
Package: algorithmic 2009/08/24 v0.1 Document Style `algorithmic'

(/usr/local/texlive/2015/texmf-dist/tex/latex/base/ifthen.sty
Package: ifthen 2014/09/29 v1.1c Standard LaTeX ifthen package (DPC)
)
\c@ALC@unique=\count106
\c@ALC@line=\count107
\c@ALC@rem=\count108
\c@ALC@depth=\count109
\ALC@tlm=\skip58
\algorithmicindent=\skip59
)
(/usr/local/texlive/2015/texmf-dist/tex/latex/cancel/cancel.sty
Package: cancel 2013/04/12 v2.2 Cancel math terms
)
(/usr/local/texlive/2015/texmf-dist/tex/latex/algorithms/algorithm.sty
Package: algorithm 2009/08/24 v0.1 Document Style `algorithm' - floating enviro
nment

(/usr/local/texlive/2015/texmf-dist/tex/latex/float/float.sty
Package: float 2001/11/08 v1.3d Float enhancements (AL)
\c@float@type=\count110
\float@exts=\toks27
\float@box=\box28
\@float@everytoks=\toks28
\@floatcapt=\box29
)
\@float@every@algorithm=\toks29
\c@algorithm=\count111
)
(/usr/local/texlive/2015/texmf-dist/tex/latex/ms/ragged2e.sty
Package: ragged2e 2009/05/21 v2.1 ragged2e Package (MS)

(/usr/local/texlive/2015/texmf-dist/tex/latex/ms/everysel.sty
Package: everysel 2011/10/28 v1.2 EverySelectfont Package (MS)
)
\CenteringLeftskip=\skip60
\RaggedLeftLeftskip=\skip61
\RaggedRightLeftskip=\skip62
\CenteringRightskip=\skip63
\RaggedLeftRightskip=\skip64
\RaggedRightRightskip=\skip65
\CenteringParfillskip=\skip66
\RaggedLeftParfillskip=\skip67
\RaggedRightParfillskip=\skip68
\JustifyingParfillskip=\skip69
\CenteringParindent=\skip70
\RaggedLeftParindent=\skip71
\RaggedRightParindent=\skip72
\JustifyingParindent=\skip73
)
(/usr/local/texlive/2015/texmf-dist/tex/latex/graphics/color.sty
Package: color 2014/10/28 v1.1a Standard LaTeX Color (DPC)

(/usr/local/texlive/2015/texmf-dist/tex/latex/latexconfig/color.cfg
File: color.cfg 2007/01/18 v1.5 color configuration of teTeX/TeXLive
)
Package color Info: Driver file: pdftex.def on input line 142.
)
(./HW5.aux)
\openout1 = `HW5.aux'.

LaTeX Font Info:    Checking defaults for OML/cmm/m/it on input line 31.
LaTeX Font Info:    ... okay on input line 31.
LaTeX Font Info:    Checking defaults for T1/cmr/m/n on input line 31.
LaTeX Font Info:    ... okay on input line 31.
LaTeX Font Info:    Checking defaults for OT1/cmr/m/n on input line 31.
LaTeX Font Info:    ... okay on input line 31.
LaTeX Font Info:    Checking defaults for OMS/cmsy/m/n on input line 31.
LaTeX Font Info:    ... okay on input line 31.
LaTeX Font Info:    Checking defaults for OMX/cmex/m/n on input line 31.
LaTeX Font Info:    ... okay on input line 31.
LaTeX Font Info:    Checking defaults for U/cmr/m/n on input line 31.
LaTeX Font Info:    ... okay on input line 31.
 (/usr/local/texlive/2015/texmf-dist/tex/context/base/supp-pdf.mkii
[Loading MPS to PDF converter (version 2006.09.02).]
\scratchcounter=\count112
\scratchdimen=\dimen129
\scratchbox=\box30
\nofMPsegments=\count113
\nofMParguments=\count114
\everyMPshowfont=\toks30
\MPscratchCnt=\count115
\MPscratchDim=\dimen130
\MPnumerator=\count116
\makeMPintoPDFobject=\count117
\everyMPtoPDFconversion=\toks31
) (/usr/local/texlive/2015/texmf-dist/tex/generic/oberdiek/pdftexcmds.sty
Package: pdftexcmds 2011/11/29 v0.20 Utility functions of pdfTeX for LuaTeX (HO
)

(/usr/local/texlive/2015/texmf-dist/tex/generic/oberdiek/ifluatex.sty
Package: ifluatex 2010/03/01 v1.3 Provides the ifluatex switch (HO)
Package ifluatex Info: LuaTeX not detected.
)
Package pdftexcmds Info: LuaTeX not detected.
Package pdftexcmds Info: \pdf@primitive is available.
Package pdftexcmds Info: \pdf@ifprimitive is available.
Package pdftexcmds Info: \pdfdraftmode found.
)
(/usr/local/texlive/2015/texmf-dist/tex/latex/oberdiek/epstopdf-base.sty
Package: epstopdf-base 2010/02/09 v2.5 Base part for package epstopdf

(/usr/local/texlive/2015/texmf-dist/tex/latex/oberdiek/grfext.sty
Package: grfext 2010/08/19 v1.1 Manage graphics extensions (HO)

(/usr/local/texlive/2015/texmf-dist/tex/generic/oberdiek/kvdefinekeys.sty
Package: kvdefinekeys 2011/04/07 v1.3 Define keys (HO)
))
(/usr/local/texlive/2015/texmf-dist/tex/latex/oberdiek/kvoptions.sty
Package: kvoptions 2011/06/30 v3.11 Key value format for package options (HO)

(/usr/local/texlive/2015/texmf-dist/tex/generic/oberdiek/kvsetkeys.sty
Package: kvsetkeys 2012/04/25 v1.16 Key value parser (HO)

(/usr/local/texlive/2015/texmf-dist/tex/generic/oberdiek/etexcmds.sty
Package: etexcmds 2011/02/16 v1.5 Avoid name clashes with e-TeX commands (HO)
Package etexcmds Info: Could not find \expanded.
(etexcmds)             That can mean that you are not using pdfTeX 1.50 or
(etexcmds)             that some package has redefined \expanded.
(etexcmds)             In the latter case, load this package earlier.
)))
Package grfext Info: Graphics extension search list:
(grfext)             [.png,.pdf,.jpg,.mps,.jpeg,.jbig2,.jb2,.PNG,.PDF,.JPG,.JPE
G,.JBIG2,.JB2,.eps]
(grfext)             \AppendGraphicsExtensions on input line 452.

(/usr/local/texlive/2015/texmf-dist/tex/latex/latexconfig/epstopdf-sys.cfg
File: epstopdf-sys.cfg 2010/07/13 v1.3 Configuration of (r)epstopdf for TeX Liv
e
))
*geometry* driver: auto-detecting
*geometry* detected driver: pdftex
*geometry* verbose mode - [ preamble ] result:
* driver: pdftex
* paper: <default>
* layout: <same size as paper>
* layoutoffset:(h,v)=(0.0pt,0.0pt)
* modes: 
* h-part:(L,W,R)=(72.26999pt, 469.75502pt, 72.26999pt)
* v-part:(T,H,B)=(72.26999pt, 650.43001pt, 72.26999pt)
* \paperwidth=614.295pt
* \paperheight=794.96999pt
* \textwidth=469.75502pt
* \textheight=650.43001pt
* \oddsidemargin=0.0pt
* \evensidemargin=0.0pt
* \topmargin=-37.0pt
* \headheight=13.6pt
* \headsep=25.0pt
* \topskip=11.0pt
* \footskip=30.0pt
* \marginparwidth=59.0pt
* \marginparsep=10.0pt
* \columnsep=10.0pt
* \skip\footins=10.0pt plus 4.0pt minus 2.0pt
* \hoffset=0.0pt
* \voffset=0.0pt
* \mag=1000
* \@twocolumnfalse
* \@twosidefalse
* \@mparswitchfalse
* \@reversemarginfalse
* (1in=72.27pt=25.4mm, 1cm=28.453pt)

Package caption Info: Begin \AtBeginDocument code.
Package caption Info: float package is loaded.
Package caption Info: End \AtBeginDocument code.
ABD: EverySelectfont initializing macros
LaTeX Info: Redefining \selectfont on input line 31.
 [1{/usr/local/texlive/2015/texmf-var/fonts/map/pdftex/updmap/pdftex.map}

] [2]
Overfull \hbox (13683.5142pt too wide) in paragraph at lines 158--158
[]\OT1/cmtt/m/n/10.95 [ (exp(-theta1*1i)/2 + exp(theta1*1i)/2)*(exp(-theta3*1i)
/2 + exp(theta3*1i)/2) - ((l0*exp(-theta3*1i)*(l0^2 + l1^2)^(1/2)*1i - l0*exp(t
heta3*1i)*(l0^2 + l1^2)^(1/2)*1i)*(exp(-theta2*1i)/2 + exp(theta2*1i)/2)*((exp(
-theta1*1i)*1i)/2 - (exp(theta1*1i)*1i)/2))/(2*(l0^2 + l1^2)) + ((l1*exp(-theta
3*1i)*(l0^2 + l1^2)^(1/2)*1i - l1*exp(theta3*1i)*(l0^2 + l1^2)^(1/2)*1i)*((exp(
-theta1*1i)*1i)/2 - (exp(theta1*1i)*1i)/2)*((exp(-theta2*1i)*1i)/2 - (exp(theta
2*1i)*1i)/2))/(2*(l0^2 + l1^2)), - ((l0*exp(-theta3*1i) - l0*exp(theta3*1i))*(e
xp(-theta1*1i)/2 + exp(theta1*1i)/2)*1i)/(2*(l0^2 + l1^2)^(1/2)) - ((exp(-theta
2*1i)/2 + exp(theta2*1i)/2)*((exp(-theta1*1i)*1i)/2 - (exp(theta1*1i)*1i)/2)*(l
0^2*exp(-theta3*1i) + l0^2*exp(theta3*1i) + 2*l1^2))/(2*(l0^2 + l1^2)) + (((exp
(-theta1*1i)*1i)/2 - (exp(theta1*1i)*1i)/2)*((exp(-theta2*1i)*1i)/2 - (exp(thet
a2*1i)*1i)/2)*(- 2*l0*l1 + l0*l1*exp(-theta3*1i) + l0*l1*exp(theta3*1i)))/(2*(l
0^2 + l1^2)), ((l1*exp(-theta3*1i) - l1*exp(theta3*1i))*(exp(-theta1*1i)/2 + ex
p(theta1*1i)/2)*1i)/(2*(l0^2 + l1^2)^(1/2)) - (((exp(-theta1*1i)*1i)/2 - (exp(t
heta1*1i)*1i)/2)*((exp(-theta2*1i)*1i)/2 - (exp(theta2*1i)*1i)/2)*(l1^2*exp(-th
eta3*1i) + l1^2*exp(theta3*1i) + 2*l0^2))/(2*(l0^2 + l1^2)) + ((exp(-theta2*1i)
/2 + exp(theta2*1i)/2)*((exp(-theta1*1i)*1i)/2 - (exp(theta1*1i)*1i)/2)*(- 2*l0
*l1 + l0*l1*exp(-theta3*1i) + l0*l1*exp(theta3*1i)))/(2*(l0^2 + l1^2)), - l1*((
(l0*exp(-theta3*1i) - l0*exp(theta3*1i))*(exp(-theta1*1i)/2 + exp(theta1*1i)/2)
*1i)/(2*(l0^2 + l1^2)^(1/2)) + ((exp(-theta2*1i)/2 + exp(theta2*1i)/2)*((exp(-t
heta1*1i)*1i)/2 - (exp(theta1*1i)*1i)/2)*(l0^2*exp(-theta3*1i) + l0^2*exp(theta
3*1i) + 2*l1^2))/(2*(l0^2 + l1^2)) - (((exp(-theta1*1i)*1i)/2 - (exp(theta1*1i)
*1i)/2)*((exp(-theta2*1i)*1i)/2 - (exp(theta2*1i)*1i)/2)*(- 2*l0*l1 + l0*l1*exp
(-theta3*1i) + l0*l1*exp(theta3*1i)))/(2*(l0^2 + l1^2))) + l0*(((l1*exp(-theta3
*1i) - l1*exp(theta3*1i))*(exp(-theta1*1i)/2 + exp(theta1*1i)/2)*1i)/(2*(l0^2 +
 l1^2)^(1/2)) - (((exp(-theta1*1i)*1i)/2 - (exp(theta1*1i)*1i)/2)*((exp(-theta2
*1i)*1i)/2 - (exp(theta2*1i)*1i)/2)*(l1^2*exp(-theta3*1i) + l1^2*exp(theta3*1i)
 + 2*l0^2))/(2*(l0^2 + l1^2)) + ((exp(-theta2*1i)/2 + exp(theta2*1i)/2)*((exp(-
theta1*1i)*1i)/2 - (exp(theta1*1i)*1i)/2)*(- 2*l0*l1 + l0*l1*exp(-theta3*1i) + 
l0*l1*exp(theta3*1i)))/(2*(l0^2 + l1^2))) - exp(theta3)*((exp(-theta1*1i)*1i)/2
 - (exp(theta1*1i)*1i)/2)*(l0*exp(-theta2*1i)*(1/4 - 1i/4) + l0*exp(theta2*1i)*
(1/4 + 1i/4) - (l0*exp(theta2))/2)][] 
 []


Overfull \hbox (13683.5142pt too wide) in paragraph at lines 158--158
[]\OT1/cmtt/m/n/10.95 [           (exp(-theta3*1i)/2 + exp(theta3*1i)/2)*((exp(
-theta1*1i)*1i)/2 - (exp(theta1*1i)*1i)/2) + ((l0*exp(-theta3*1i)*(l0^2 + l1^2)
^(1/2)*1i - l0*exp(theta3*1i)*(l0^2 + l1^2)^(1/2)*1i)*(exp(-theta1*1i)/2 + exp(
theta1*1i)/2)*(exp(-theta2*1i)/2 + exp(theta2*1i)/2))/(2*(l0^2 + l1^2)) - ((l1*
exp(-theta3*1i)*(l0^2 + l1^2)^(1/2)*1i - l1*exp(theta3*1i)*(l0^2 + l1^2)^(1/2)*
1i)*(exp(-theta1*1i)/2 + exp(theta1*1i)/2)*((exp(-theta2*1i)*1i)/2 - (exp(theta
2*1i)*1i)/2))/(2*(l0^2 + l1^2)),           - ((l0*exp(-theta3*1i) - l0*exp(thet
a3*1i))*((exp(-theta1*1i)*1i)/2 - (exp(theta1*1i)*1i)/2)*1i)/(2*(l0^2 + l1^2)^(
1/2)) + ((exp(-theta1*1i)/2 + exp(theta1*1i)/2)*(exp(-theta2*1i)/2 + exp(theta2
*1i)/2)*(l0^2*exp(-theta3*1i) + l0^2*exp(theta3*1i) + 2*l1^2))/(2*(l0^2 + l1^2)
) - ((exp(-theta1*1i)/2 + exp(theta1*1i)/2)*((exp(-theta2*1i)*1i)/2 - (exp(thet
a2*1i)*1i)/2)*(- 2*l0*l1 + l0*l1*exp(-theta3*1i) + l0*l1*exp(theta3*1i)))/(2*(l
0^2 + l1^2)),           ((l1*exp(-theta3*1i) - l1*exp(theta3*1i))*((exp(-theta1
*1i)*1i)/2 - (exp(theta1*1i)*1i)/2)*1i)/(2*(l0^2 + l1^2)^(1/2)) + ((exp(-theta1
*1i)/2 + exp(theta1*1i)/2)*((exp(-theta2*1i)*1i)/2 - (exp(theta2*1i)*1i)/2)*(l1
^2*exp(-theta3*1i) + l1^2*exp(theta3*1i) + 2*l0^2))/(2*(l0^2 + l1^2)) - ((exp(-
theta1*1i)/2 + exp(theta1*1i)/2)*(exp(-theta2*1i)/2 + exp(theta2*1i)/2)*(- 2*l0
*l1 + l0*l1*exp(-theta3*1i) + l0*l1*exp(theta3*1i)))/(2*(l0^2 + l1^2)),        
                       - l1*(((l0*exp(-theta3*1i) - l0*exp(theta3*1i))*((exp(-t
heta1*1i)*1i)/2 - (exp(theta1*1i)*1i)/2)*1i)/(2*(l0^2 + l1^2)^(1/2)) - ((exp(-t
heta1*1i)/2 + exp(theta1*1i)/2)*(exp(-theta2*1i)/2 + exp(theta2*1i)/2)*(l0^2*ex
p(-theta3*1i) + l0^2*exp(theta3*1i) + 2*l1^2))/(2*(l0^2 + l1^2)) + ((exp(-theta
1*1i)/2 + exp(theta1*1i)/2)*((exp(-theta2*1i)*1i)/2 - (exp(theta2*1i)*1i)/2)*(-
 2*l0*l1 + l0*l1*exp(-theta3*1i) + l0*l1*exp(theta3*1i)))/(2*(l0^2 + l1^2))) + 
l0*(((l1*exp(-theta3*1i) - l1*exp(theta3*1i))*((exp(-theta1*1i)*1i)/2 - (exp(th
eta1*1i)*1i)/2)*1i)/(2*(l0^2 + l1^2)^(1/2)) + ((exp(-theta1*1i)/2 + exp(theta1*
1i)/2)*((exp(-theta2*1i)*1i)/2 - (exp(theta2*1i)*1i)/2)*(l1^2*exp(-theta3*1i) +
 l1^2*exp(theta3*1i) + 2*l0^2))/(2*(l0^2 + l1^2)) - ((exp(-theta1*1i)/2 + exp(t
heta1*1i)/2)*(exp(-theta2*1i)/2 + exp(theta2*1i)/2)*(- 2*l0*l1 + l0*l1*exp(-the
ta3*1i) + l0*l1*exp(theta3*1i)))/(2*(l0^2 + l1^2))) + exp(theta3)*(exp(-theta1*
1i)/2 + exp(theta1*1i)/2)*(l0*exp(-theta2*1i)*(1/4 - 1i/4) + l0*exp(theta2*1i)*
(1/4 + 1i/4) - (l0*exp(theta2))/2)][] 
 []


Overfull \hbox (13683.5142pt too wide) in paragraph at lines 158--158
[]\OT1/cmtt/m/n/10.95 [                                                        
                                                                               
                                          - ((l1*exp(-theta3*1i)*(l0^2 + l1^2)^
(1/2)*1i - l1*exp(theta3*1i)*(l0^2 + l1^2)^(1/2)*1i)*(exp(-theta2*1i)/2 + exp(t
heta2*1i)/2))/(2*(l0^2 + l1^2)) - ((l0*exp(-theta3*1i)*(l0^2 + l1^2)^(1/2)*1i -
 l0*exp(theta3*1i)*(l0^2 + l1^2)^(1/2)*1i)*((exp(-theta2*1i)*1i)/2 - (exp(theta
2*1i)*1i)/2))/(2*(l0^2 + l1^2)),                                               
                                                                               
                                                                               
     - (((exp(-theta2*1i)*1i)/2 - (exp(theta2*1i)*1i)/2)*(l0^2*exp(-theta3*1i) 
+ l0^2*exp(theta3*1i) + 2*l1^2))/(2*(l0^2 + l1^2)) - ((exp(-theta2*1i)/2 + exp(
theta2*1i)/2)*(- 2*l0*l1 + l0*l1*exp(-theta3*1i) + l0*l1*exp(theta3*1i)))/(2*(l
0^2 + l1^2)),                                                                  
                                                                               
                                                                 ((exp(-theta2*
1i)/2 + exp(theta2*1i)/2)*(l1^2*exp(-theta3*1i) + l1^2*exp(theta3*1i) + 2*l0^2)
)/(2*(l0^2 + l1^2)) + (((exp(-theta2*1i)*1i)/2 - (exp(theta2*1i)*1i)/2)*(- 2*l0
*l1 + l0*l1*exp(-theta3*1i) + l0*l1*exp(theta3*1i)))/(2*(l0^2 + l1^2)),        
                                                                               
                                                                               
                                                                               
                                                                               
                                                                               
                                                                 - exp(theta3)*
(l0*exp(-theta2*1i)*(1/4 + 1i/4) + l0*exp(theta2*1i)*(1/4 - 1i/4) - (l0*exp(the
ta2))/2) + l0*(((exp(-theta2*1i)/2 + exp(theta2*1i)/2)*(l1^2*exp(-theta3*1i) + 
l1^2*exp(theta3*1i) + 2*l0^2))/(2*(l0^2 + l1^2)) + (((exp(-theta2*1i)*1i)/2 - (
exp(theta2*1i)*1i)/2)*(- 2*l0*l1 + l0*l1*exp(-theta3*1i) + l0*l1*exp(theta3*1i)
))/(2*(l0^2 + l1^2))) - l1*((((exp(-theta2*1i)*1i)/2 - (exp(theta2*1i)*1i)/2)*(
l0^2*exp(-theta3*1i) + l0^2*exp(theta3*1i) + 2*l1^2))/(2*(l0^2 + l1^2)) + ((exp
(-theta2*1i)/2 + exp(theta2*1i)/2)*(- 2*l0*l1 + l0*l1*exp(-theta3*1i) + l0*l1*e
xp(theta3*1i)))/(2*(l0^2 + l1^2)))][] 
 []


Overfull \hbox (13683.5142pt too wide) in paragraph at lines 158--158
[]\OT1/cmtt/m/n/10.95 [                                                        
                                                                               
                                                                               
                                                                               
                                                                               
                                                                               
                              0,                                               
                                                                               
                                                                               
                                                                               
                                                                               
                                                                               
           0,                                                                  
                                                                               
                                                                               
                                                                               
                                                                               
                                                                     0,        
                                                                               
                                                                               
                                                                               
                                                                               
                                                                               
                                                                               
                                                                               
                                                                               
                                                                               
                                                                               
                                                                               
                                                                               
                                                                              e
xp(theta1)*exp(theta2)*exp(theta3)][] 
 []

[3]
Overfull \hbox (237.33357pt too wide) in paragraph at lines 235--235
[]\OT1/cmtt/m/n/10.95 [ cos(1)^3 - cos(1)*sin(1)^2, -sin(1),  -2*cos(1)^2*sin(1
), -cos(1)*exp(1)*((l2*exp(1))/2 - (l2*cos(1))/2 + (l2*sin(1))/2)][] 
 []


Overfull \hbox (237.33357pt too wide) in paragraph at lines 235--235
[]\OT1/cmtt/m/n/10.95 [ cos(1)^2*sin(1) - sin(1)^3,  cos(1),  -2*cos(1)*sin(1)^
2, -exp(1)*sin(1)*((l2*exp(1))/2 - (l2*cos(1))/2 + (l2*sin(1))/2)][] 
 []


Overfull \hbox (237.33357pt too wide) in paragraph at lines 235--235
[]\OT1/cmtt/m/n/10.95 [            2*cos(1)*sin(1),       0, cos(1)^2 - sin(1)^
2,         exp(1)*((l2*cos(1))/2 - (l2*exp(1))/2 + (l2*sin(1))/2)][] 
 []


Overfull \hbox (237.33357pt too wide) in paragraph at lines 235--235
[]\OT1/cmtt/m/n/10.95 [                          0,       0,                   
0,                                                         exp(3)][] 
 []

[4]
Overfull \hbox (214.33882pt too wide) in paragraph at lines 274--274
[]\OT1/cmtt/m/n/10.95 gst_theta = expm(z1_hat*th1)*expm(z2_hat*th2)*expm(z3_hat
*th3)*expm(z4_hat*th4)*expm(z5_hat*th5)*expm(z6_hat*th6)*gst_0[] 
 []

[5] [6] [7] (./HW5.aux) ) 
Here is how much of TeX's memory you used:
 4471 strings out of 493089
 65718 string characters out of 6134842
 265969 words of memory out of 5000000
 7896 multiletter control sequences out of 15000+600000
 4416 words of font info for 17 fonts, out of 8000000 for 9000
 1141 hyphenation exceptions out of 8191
 42i,11n,43p,7944b,377s stack positions out of 5000i,500n,10000p,200000b,80000s
</usr/local/texlive/2015/texmf-dist/fonts/type1/public
/amsfonts/cm/cmbx10.pfb></usr/local/texlive/2015/texmf-dist/fonts/type1/public/
amsfonts/cm/cmr10.pfb></usr/local/texlive/2015/texmf-dist/fonts/type1/public/am
sfonts/cm/cmtt10.pfb>
Output written on HW5.pdf (7 pages, 53224 bytes).
PDF statistics:
 40 PDF objects out of 1000 (max. 8388607)
 27 compressed objects within 1 object stream
 0 named destinations out of 1000 (max. 500000)
 1 words of extra memory for PDF output out of 10000 (max. 10000000)

